[09:22:12] [main/WARN]: Ambiguity between arguments [teleport, location] and [teleport, destination] with inputs: [0.1 -0.5 .9, 0 0 0]
[09:22:12] [main/WARN]: Ambiguity between arguments [teleport, location] and [teleport, targets] with inputs: [0.1 -0.5 .9, 0 0 0]
[09:22:12] [main/WARN]: Ambiguity between arguments [teleport, targets] and [teleport, destination] with inputs: [Player, 0123, dd12be42-52a9-4a91-a8a1-11c01849e498]
[09:22:12] [main/WARN]: Ambiguity between arguments [teleport, targets, location] and [teleport, targets, destination] with inputs: [0.1 -0.5 .9, 0 0 0]
[09:22:12] [main/INFO]: Loaded 0 recipes
[09:22:12] [main/INFO]: Loaded 0 advancements
[09:22:12] [Server thread/INFO]: Starting minecraft server version 1.13.2
[09:22:12] [Server thread/INFO]: Loading properties
[09:22:12] [Server thread/INFO]: Default game type: SURVIVAL
[09:22:12] [Server thread/INFO]: Generating keypair
[09:22:12] [Server thread/INFO]: Starting Minecraft server on *:25565
[09:22:12] [Server thread/INFO]: Using default channel type
[09:22:14] [Server thread/INFO]: Preparing level "world"
[09:22:14] [Server thread/INFO]: Found new data pack vanilla, loading it automatically
[09:22:14] [Server thread/INFO]: Reloading ResourceManager: Default
[09:22:15] [Server thread/INFO]: Loaded 524 recipes
[09:22:16] [Server thread/INFO]: Loaded 571 advancements
[09:22:23] [Server thread/INFO]: Preparing start region for dimension minecraft:overworld
[09:22:24] [Server thread/INFO]: Preparing spawn area: 0%
[09:22:25] [Server thread/INFO]: Preparing spawn area: 0%
[09:22:26] [Server thread/INFO]: Preparing spawn area: 0%
[09:22:26] [Server thread/INFO]: Preparing spawn area: 4%
[09:22:27] [Server thread/INFO]: Preparing spawn area: 8%
[09:22:28] [Server thread/INFO]: Preparing spawn area: 12%
[09:22:28] [Server thread/INFO]: Preparing spawn area: 16%
[09:22:29] [Server thread/INFO]: Preparing spawn area: 20%
[09:22:29] [Server thread/INFO]: Preparing spawn area: 24%
[09:22:30] [Server thread/INFO]: Preparing spawn area: 28%
[09:22:31] [Server thread/INFO]: Preparing spawn area: 32%
[09:22:31] [Server thread/INFO]: Preparing spawn area: 36%
[09:22:32] [Server thread/INFO]: Preparing spawn area: 40%
[09:22:32] [Server thread/INFO]: Preparing spawn area: 44%
[09:22:33] [Server thread/INFO]: Preparing spawn area: 48%
[09:22:33] [Server thread/INFO]: Preparing spawn area: 52%
[09:22:34] [Server thread/INFO]: Preparing spawn area: 56%
[09:22:34] [Server thread/INFO]: Preparing spawn area: 60%
[09:22:35] [Server thread/INFO]: Preparing spawn area: 64%
[09:22:36] [Server thread/INFO]: Preparing spawn area: 68%
[09:22:36] [Server thread/INFO]: Preparing spawn area: 72%
[09:22:37] [Server thread/INFO]: Preparing spawn area: 76%
[09:22:38] [Server thread/INFO]: Preparing spawn area: 80%
[09:22:38] [Server thread/INFO]: Preparing spawn area: 84%
[09:22:39] [Server thread/INFO]: Preparing spawn area: 88%
[09:22:39] [Server thread/INFO]: Preparing spawn area: 92%
[09:22:40] [Server thread/INFO]: Preparing spawn area: 96%
[09:22:41] [Server thread/INFO]: Preparing spawn area: 100%
[09:22:41] [Server thread/INFO]: Time elapsed: 17689 ms
[09:22:41] [Server thread/INFO]: Done (26.927s)! For help, type "help"
[09:22:44] [Server thread/INFO]: Stopping the server
[09:22:44] [Server thread/INFO]: Stopping server
[09:22:44] [Server thread/INFO]: Saving players
[09:22:44] [Server thread/INFO]: Saving worlds
[09:22:44] [Server thread/INFO]: Saving chunks for level 'world'/minecraft:the_end
[09:22:44] [Server thread/INFO]: Saving chunks for level 'world'/minecraft:overworld
[09:22:48] [Server thread/INFO]: Saving chunks for level 'world'/minecraft:the_nether
[09:22:49] [Server Shutdown Thread/INFO]: Stopping server
[09:22:49] [Server Shutdown Thread/INFO]: Saving players
